<?xml version="1.0" encoding="UTF-8"?>
<!-- Generated by org.testng.reporters.JUnitReportReporter -->
<testsuite skipped="0" hostname="HDC2-D-CCTQXJ2" name="Package3.TestNG" tests="3" failures="0" timestamp="2020-01-29T16:35:19 IST" time="0.031" errors="0">
  <testcase name="Login" time="0.024" classname="Package3.TestNG"/>
  <testcase name="Register" time="0.003" classname="Package3.TestNG"/>
  <testcase name="Launch" time="0.004" classname="Package3.TestNG"/>
</testsuite> <!-- Package3.TestNG -->
